[handleMsg]:  {
  type: 'text',
  from: '5213231156743',
  to: '15550782771',
  body: 'Hola'
}
[handleMsg]:  {
  type: 'text',
  from: '5213231156743',
  to: '15550782771',
  body: 'Hola'
}
[handleMsg]:  { type: 'text', from: '5213231156743', to: '15550782771', body: '1' }
[handleMsg]:  {
  type: 'text',
  from: '5213231156743',
  to: '15550782771',
  body: 'Kdjw22'
}
[handleMsg]:  {
  type: 'interactive',
  from: '5213231156743',
  to: '15550782771',
  body: 'NO, GRACIAS',
  title_list_reply: undefined
}
[handleMsg]:  {
  type: 'text',
  from: '5213231156743',
  to: '15550782771',
  body: 'Hola'
}
